#
# A fatal error has been detected by the Java Runtime Environment:
#
#  EXCEPTION_ACCESS_VIOLATION (0xc0000005) at pc=0x00007ffde21af21b, pid=15864, tid=0x0000000000004898
#
# JRE version: Java(TM) SE Runtime Environment (8.0_101-b13) (build 1.8.0_101-b13)
# Java VM: Java HotSpot(TM) 64-Bit Server VM (25.101-b13 mixed mode windows-amd64 compressed oops)
# Problematic frame:
# C  [ntdll.dll+0x2f21b]
#
# Failed to write core dump. Minidumps are not enabled by default on client versions of Windows
#
# If you would like to submit a bug report, please visit:
#   http://bugreport.java.com/bugreport/crash.jsp
# The crash happened outside the Java Virtual Machine in native code.
# See problematic frame for where to report the bug.
#

---------------  T H R E A D  ---------------

Current thread (0x00000000244d1800):  JavaThread "Thread-7" [_thread_in_native, id=18584, stack(0x00000000350f0000,0x00000000351f0000)]

siginfo: ExceptionCode=0xc0000005, writing address 0x0000000000000024

Registers:
RAX=0x0000000000000000, RBX=0x000000002ad07a78, RCX=0x000000002ad07a78, RDX=0xffffffffffffffff
RSP=0x00000000351eeca0, RBP=0x0000000000afe000, RSI=0x0000000000000000, RDI=0x0000000000000000
R8 =0x0000000000000000, R9 =0x0000000000000000, R10=0x0000000000000000, R11=0x00000000351eec80
R12=0x0000000000000000, R13=0x00000000243d0b80, R14=0x0000000000000001, R15=0x0000000000000000
RIP=0x00007ffde21af21b, EFLAGS=0x0000000000010213

Top of Stack: (sp=0x00000000351eeca0)
0x00000000351eeca0:   ffffffffffffffff 000000002ad07a78
0x00000000351eecb0:   0000000000000000 00000000fffffffd
0x00000000351eecc0:   0000000000000000 0000000000000000
0x00000000351eecd0:   00000000292a2400 00000000fffffffe
0x00000000351eece0:   0000000000afe000 0000000000000000
0x00000000351eecf0:   00000000292a2490 0000000000d50000
0x00000000351eed00:   00000000292a24a0 00007ffde21bc1b8
0x00000000351eed10:   0000000024453fe0 000000000290390f
0x00000000351eed20:   00005aaeafc68fbf 00007ffddf1c75ff
0x00000000351eed30:   0000000024453fe0 0000000000000001
0x00000000351eed40:   00000000243d0b80 0000000000000000
0x00000000351eed50:   000000002ad07a78 0000000000000001
0x00000000351eed60:   0000000024453f01 00007ffde21b0724
0x00000000351eed70:   0000000000000070 00000000029038c7
0x00000000351eed80:   00000000000007cf 0000000000000000
0x00000000351eed90:   0000000000000008 00007ffde21b0650 

Instructions: (pc=0x00007ffde21af21b)
0x00007ffde21af1fb:   48 39 7b 18 0f 84 c0 00 00 00 48 83 3b ff 0f 84
0x00007ffde21af20b:   c3 00 00 00 48 8b 03 44 8b e7 48 83 f8 ff 74 03
0x00007ffde21af21b:   ff 40 24 4c 8b 6b 18 4c 8d 35 3f d3 11 00 33 ed
0x00007ffde21af22b:   b8 82 03 fe 7f 8a 08 84 c9 0f 85 c6 b2 08 00 49 


Register to memory mapping:

RAX=0x0000000000000000 is an unknown value
RBX=0x000000002ad07a78 is an unknown value
RCX=0x000000002ad07a78 is an unknown value
RDX=0xffffffffffffffff is an unknown value
RSP=0x00000000351eeca0 is pointing into the stack for thread: 0x00000000244d1800
RBP=0x0000000000afe000 is an unknown value
RSI=0x0000000000000000 is an unknown value
RDI=0x0000000000000000 is an unknown value
R8 =0x0000000000000000 is an unknown value
R9 =0x0000000000000000 is an unknown value
R10=0x0000000000000000 is an unknown value
R11=0x00000000351eec80 is pointing into the stack for thread: 0x00000000244d1800
R12=0x0000000000000000 is an unknown value
R13=0x00000000243d0b80 is an unknown value
R14=0x0000000000000001 is an unknown value
R15=0x0000000000000000 is an unknown value


Stack: [0x00000000350f0000,0x00000000351f0000],  sp=0x00000000351eeca0,  free space=1019k
Native frames: (J=compiled Java code, j=interpreted, Vv=VM code, C=native code)
C  [ntdll.dll+0x2f21b]
C  [ntdll.dll+0x30724]
C  [ntdll.dll+0x30650]
C  [WINMMBASE.dll+0x136ba]
C  [WINMMBASE.dll+0x13f8c]
C  [jsound.dll+0x2574]
C  [jsound.dll+0x1528]
C  0x0000000002bc7914

Java frames: (J=compiled Java code, j=interpreted, Vv=VM code)
j  com.sun.media.sound.MidiOutDevice.nSendLongMessage(J[BIJ)V+0
j  com.sun.media.sound.MidiOutDevice.access$100(Lcom/sun/media/sound/MidiOutDevice;J[BIJ)V+7
j  com.sun.media.sound.MidiOutDevice$MidiOutReceiver.implSend(Ljavax/sound/midi/MidiMessage;J)V+256
j  com.sun.media.sound.AbstractMidiDevice$AbstractReceiver.send(Ljavax/sound/midi/MidiMessage;J)V+20
j  application.PadKontrol.SendMessage([B)V+42
j  application.PadKontrol.setLcdText(Ljava/lang/String;Z)V+43
j  application.LcdTextManager.run()V+31
j  java.lang.Thread.run()V+11
v  ~StubRoutines::call_stub

---------------  P R O C E S S  ---------------

Java Threads: ( => current thread )
  0x0000000023eef800 JavaThread "DestroyJavaVM" [_thread_blocked, id=196, stack(0x00000000029b0000,0x0000000002ab0000)]
=>0x00000000244d1800 JavaThread "Thread-7" [_thread_in_native, id=18584, stack(0x00000000350f0000,0x00000000351f0000)]
  0x000000002413e800 JavaThread "Prism Font Disposer" daemon [_thread_blocked, id=11756, stack(0x0000000030ef0000,0x0000000030ff0000)]
  0x0000000023ef7000 JavaThread "Thread-3" daemon [_thread_in_native, id=18996, stack(0x0000000029770000,0x0000000029870000)]
  0x0000000023e7b800 JavaThread "Thread-1" daemon [_thread_blocked, id=11996, stack(0x0000000024960000,0x0000000024a60000)]
  0x0000000023e38000 JavaThread "QuantumRenderer-0" daemon [_thread_in_native, id=18388, stack(0x00000000245f0000,0x00000000246f0000)]
  0x00000000230ba000 JavaThread "Service Thread" daemon [_thread_blocked, id=16588, stack(0x0000000023bf0000,0x0000000023cf0000)]
  0x000000002303a800 JavaThread "C1 CompilerThread3" daemon [_thread_blocked, id=15940, stack(0x0000000023af0000,0x0000000023bf0000)]
  0x0000000023031800 JavaThread "C2 CompilerThread2" daemon [_thread_blocked, id=15628, stack(0x00000000239f0000,0x0000000023af0000)]
  0x000000002302e000 JavaThread "C2 CompilerThread1" daemon [_thread_blocked, id=4180, stack(0x00000000238f0000,0x00000000239f0000)]
  0x000000002302b800 JavaThread "C2 CompilerThread0" daemon [_thread_blocked, id=16264, stack(0x00000000237f0000,0x00000000238f0000)]
  0x0000000023029800 JavaThread "Attach Listener" daemon [_thread_blocked, id=17412, stack(0x00000000236f0000,0x00000000237f0000)]
  0x0000000023028800 JavaThread "Signal Dispatcher" daemon [_thread_blocked, id=1876, stack(0x00000000235f0000,0x00000000236f0000)]
  0x0000000023020800 JavaThread "Finalizer" daemon [_thread_blocked, id=1252, stack(0x0000000023400000,0x0000000023500000)]
  0x000000002113d000 JavaThread "Reference Handler" daemon [_thread_blocked, id=18532, stack(0x0000000022f00000,0x0000000023000000)]

Other Threads:
  0x000000002113b800 VMThread [stack: 0x0000000022e00000,0x0000000022f00000] [id=16232]
  0x00000000230d6800 WatcherThread [stack: 0x0000000023cf0000,0x0000000023df0000] [id=16088]

VM state:not at safepoint (normal execution)

VM Mutex/Monitor currently owned by a thread: None

Heap:
 PSYoungGen      total 114688K, used 55144K [0x0000000740700000, 0x0000000748700000, 0x00000007c0000000)
  eden space 98304K, 56% used [0x0000000740700000,0x0000000743cda230,0x0000000746700000)
  from space 16384K, 0% used [0x0000000747700000,0x0000000747700000,0x0000000748700000)
  to   space 16384K, 0% used [0x0000000746700000,0x0000000746700000,0x0000000747700000)
 ParOldGen       total 262144K, used 0K [0x0000000641400000, 0x0000000651400000, 0x0000000740700000)
  object space 262144K, 0% used [0x0000000641400000,0x0000000641400000,0x0000000651400000)
 Metaspace       used 17168K, capacity 18040K, committed 18176K, reserved 1064960K
  class space    used 2538K, capacity 2705K, committed 2816K, reserved 1048576K

Card table byte_map: [0x0000000011f70000,0x0000000012b70000] byte_map_base: 0x000000000ed66000

Marking Bits: (ParMarkBitMap*) 0x0000000065b4a6d0
 Begin Bits: [0x0000000013b70000, 0x0000000019b20000)
 End Bits:   [0x0000000019b20000, 0x000000001fad0000)

Polling page: 0x0000000000d00000

CodeCache: size=245760Kb used=5856Kb max_used=5856Kb free=239903Kb
 bounds [0x0000000002bb0000, 0x0000000003170000, 0x0000000011bb0000]
 total_blobs=2561 nmethods=1905 adapters=569
 compilation: enabled

Compilation events (10 events):
Event: 6.174 Thread 0x000000002303a800 1899       3       java.lang.invoke.MethodHandle::setVarargs (38 bytes)
Event: 6.175 Thread 0x000000002303a800 nmethod 1899 0x0000000003166ed0 code [0x00000000031670c0, 0x0000000003167b88]
Event: 6.175 Thread 0x000000002303a800 1900       3       java.lang.invoke.MemberName::isVarargs (23 bytes)
Event: 6.175 Thread 0x000000002303a800 nmethod 1900 0x0000000003167f50 code [0x00000000031680e0, 0x0000000003168650]
Event: 6.175 Thread 0x000000002303a800 1902       3       java.lang.invoke.MethodHandles$Lookup::maybeBindCaller (44 bytes)
Event: 6.176 Thread 0x000000002303a800 nmethod 1902 0x00000000031687d0 code [0x00000000031689a0, 0x0000000003169318]
Event: 6.176 Thread 0x000000002303a800 1903       3       javafx.collections.ListChangeBuilder::findSubChange (84 bytes)
Event: 6.176 Thread 0x000000002303a800 nmethod 1903 0x00000000031696d0 code [0x0000000003169860, 0x0000000003169df8]
Event: 6.179 Thread 0x000000002303a800 1904   !   3       java.util.Collections$SynchronizedCollection::add (25 bytes)
Event: 6.179 Thread 0x000000002303a800 nmethod 1904 0x0000000003169fd0 code [0x000000000316a140, 0x000000000316a508]

GC Heap History (0 events):
No events

Deoptimization events (10 events):
Event: 1.171 Thread 0x0000000023e67000 Uncommon trap: reason=class_check action=maybe_recompile pc=0x0000000002cd0394 method=java.lang.String.equals(Ljava/lang/Object;)Z @ 8
Event: 1.171 Thread 0x0000000023e67000 Uncommon trap: reason=class_check action=maybe_recompile pc=0x0000000002cd0394 method=java.lang.String.equals(Ljava/lang/Object;)Z @ 8
Event: 1.174 Thread 0x0000000023e67000 Uncommon trap: reason=class_check action=maybe_recompile pc=0x0000000002cd0394 method=java.lang.String.equals(Ljava/lang/Object;)Z @ 8
Event: 1.220 Thread 0x0000000023e67000 Uncommon trap: reason=unstable_if action=reinterpret pc=0x0000000002e89e8c method=sun.misc.URLClassPath$JarLoader.getResource(Ljava/lang/String;Z)Lsun/misc/Resource; @ 62
Event: 1.240 Thread 0x0000000023e67000 Uncommon trap: reason=unstable_if action=reinterpret pc=0x0000000002eae6f4 method=java.lang.String.regionMatches(ZILjava/lang/String;II)Z @ 123
Event: 1.259 Thread 0x0000000023e67000 Uncommon trap: reason=unstable_if action=reinterpret pc=0x0000000002e6ebe8 method=sun.net.www.ParseUtil.encodePath(Ljava/lang/String;Z)Ljava/lang/String; @ 109
Event: 1.417 Thread 0x0000000023e67000 Uncommon trap: reason=unstable_if action=reinterpret pc=0x0000000002fab388 method=javafx.scene.CssStyleHelper.getStyle(Ljavafx/css/Styleable;Ljava/lang/String;Lcom/sun/javafx/css/StyleMap;Ljava/util/Set;)Lcom/sun/javafx/css/CascadingStyle; @ 8
Event: 1.778 Thread 0x0000000023e67000 Uncommon trap: reason=unstable_if action=reinterpret pc=0x0000000002ebcdf8 method=jdk.internal.org.objectweb.asm.Type.getArgumentsAndReturnSizes(Ljava/lang/String;)I @ 47
Event: 5.253 Thread 0x0000000023e67000 Uncommon trap: reason=unstable_if action=reinterpret pc=0x0000000003100058 method=javafx.scene.Node.impl_intersectsBounds(Lcom/sun/javafx/geom/PickRay;)D @ 119
Event: 5.254 Thread 0x0000000023e67000 Uncommon trap: reason=unstable_if action=reinterpret pc=0x00000000030f9be8 method=javafx.scene.Node$MiscProperties.getEffect()Ljavafx/scene/effect/Effect; @ 4

Internal exceptions (10 events):
Event: 0.161 Thread 0x00000000029ae800 Exception <a 'java/security/PrivilegedActionException'> (0x0000000740afe6c8) thrown at [C:\re\workspace\8-2-build-windows-amd64-cygwin\jdk8u101\7261\hotspot\src\share\vm\prims\jvm.cpp, line 1386]
Event: 0.162 Thread 0x00000000029ae800 Exception <a 'java/security/PrivilegedActionException'> (0x0000000740b02310) thrown at [C:\re\workspace\8-2-build-windows-amd64-cygwin\jdk8u101\7261\hotspot\src\share\vm\prims\jvm.cpp, line 1386]
Event: 0.162 Thread 0x00000000029ae800 Exception <a 'java/security/PrivilegedActionException'> (0x0000000740b02520) thrown at [C:\re\workspace\8-2-build-windows-amd64-cygwin\jdk8u101\7261\hotspot\src\share\vm\prims\jvm.cpp, line 1386]
Event: 0.162 Thread 0x00000000029ae800 Exception <a 'java/lang/NullPointerException'> (0x0000000740b02c68) thrown at [C:\re\workspace\8-2-build-windows-amd64-cygwin\jdk8u101\7261\hotspot\src\share\vm\interpreter\linkResolver.cpp, line 1178]
Event: 0.898 Thread 0x0000000023e67000 Exception <a 'java/lang/NullPointerException'> (0x0000000741a212e0) thrown at [C:\re\workspace\8-2-build-windows-amd64-cygwin\jdk8u101\7261\hotspot\src\share\vm\interpreter\linkResolver.cpp, line 1178]
Event: 0.898 Thread 0x0000000023e67000 Exception <a 'java/lang/NullPointerException'> (0x0000000741a212e0) thrown at [C:\re\workspace\8-2-build-windows-amd64-cygwin\jdk8u101\7261\hotspot\src\share\vm\prims\jvm.cpp, line 1390]
Event: 1.004 Thread 0x0000000023e67000 Exception <a 'java/lang/ArrayIndexOutOfBoundsException'> (0x0000000741e5dce8) thrown at [C:\re\workspace\8-2-build-windows-amd64-cygwin\jdk8u101\7261\hotspot\src\share\vm\runtime\sharedRuntime.cpp, line 605]
Event: 1.004 Thread 0x0000000023e67000 Exception <a 'java/lang/ArrayIndexOutOfBoundsException'> (0x0000000741e5e800) thrown at [C:\re\workspace\8-2-build-windows-amd64-cygwin\jdk8u101\7261\hotspot\src\share\vm\runtime\sharedRuntime.cpp, line 605]
Event: 1.004 Thread 0x0000000023e67000 Exception <a 'java/lang/ArrayIndexOutOfBoundsException'> (0x0000000741e5fba8) thrown at [C:\re\workspace\8-2-build-windows-amd64-cygwin\jdk8u101\7261\hotspot\src\share\vm\runtime\sharedRuntime.cpp, line 605]
Event: 1.061 Thread 0x0000000023e67000 Implicit null exception at 0x0000000002e1c835 to 0x0000000002e1ca2d

Events (10 events):
Event: 6.177 loading class java/util/concurrent/CopyOnWriteArrayList$COWIterator
Event: 6.177 loading class java/util/concurrent/CopyOnWriteArrayList$COWIterator done
Event: 6.177 loading class javafx/application/Application
Event: 6.177 loading class javafx/application/Application done
Event: 6.177 loading class javafx/application/Application
Event: 6.177 loading class javafx/application/Application done
Event: 6.178 loading class application/LcdTextManager
Event: 6.178 loading class application/LcdTextManager done
Event: 6.179 Thread 0x00000000244d1800 Thread added: 0x00000000244d1800
Event: 6.284 Thread 0x0000000024482800 Thread exited: 0x0000000024482800


Dynamic libraries:
0x00007ff722ed0000 - 0x00007ff722f07000 	C:\Program Files\Java\jre1.8.0_101\bin\javaw.exe
0x00007ffde2180000 - 0x00007ffde2351000 	C:\WINDOWS\SYSTEM32\ntdll.dll
0x00007ffde20d0000 - 0x00007ffde217b000 	C:\WINDOWS\System32\KERNEL32.DLL
0x00007ffddf1b0000 - 0x00007ffddf3cd000 	C:\WINDOWS\System32\KERNELBASE.dll
0x00007ffddfc60000 - 0x00007ffddfd02000 	C:\WINDOWS\System32\ADVAPI32.dll
0x00007ffddfd10000 - 0x00007ffddfdae000 	C:\WINDOWS\System32\msvcrt.dll
0x00007ffddfdf0000 - 0x00007ffddfe49000 	C:\WINDOWS\System32\sechost.dll
0x00007ffde1e70000 - 0x00007ffde1f91000 	C:\WINDOWS\System32\RPCRT4.dll
0x00007ffddf710000 - 0x00007ffddf875000 	C:\WINDOWS\System32\USER32.dll
0x00007ffdde8e0000 - 0x00007ffdde8fe000 	C:\WINDOWS\System32\win32u.dll
0x00007ffddfdb0000 - 0x00007ffddfde4000 	C:\WINDOWS\System32\GDI32.dll
0x00007ffddf3d0000 - 0x00007ffddf552000 	C:\WINDOWS\System32\gdi32full.dll
0x00007ffdd5fd0000 - 0x00007ffdd6249000 	C:\WINDOWS\WinSxS\amd64_microsoft.windows.common-controls_6595b64144ccf1df_6.0.14393.0_none_2d0f50fcbdb171b8\COMCTL32.dll
0x00007ffde1ba0000 - 0x00007ffde1e67000 	C:\WINDOWS\System32\combase.dll
0x00007ffddf560000 - 0x00007ffddf655000 	C:\WINDOWS\System32\ucrtbase.dll
0x00007ffddf090000 - 0x00007ffddf0fa000 	C:\WINDOWS\System32\bcryptPrimitives.dll
0x00007ffde20a0000 - 0x00007ffde20ce000 	C:\WINDOWS\System32\IMM32.DLL
0x0000000065250000 - 0x0000000065322000 	C:\Program Files\Java\jre1.8.0_101\bin\msvcr100.dll
0x0000000065330000 - 0x0000000065bca000 	C:\Program Files\Java\jre1.8.0_101\bin\server\jvm.dll
0x00007ffde1620000 - 0x00007ffde1628000 	C:\WINDOWS\System32\PSAPI.DLL
0x00007ffddc080000 - 0x00007ffddc0a3000 	C:\WINDOWS\SYSTEM32\WINMM.dll
0x00007ffdb69f0000 - 0x00007ffdb69f9000 	C:\WINDOWS\SYSTEM32\WSOCK32.dll
0x00007ffdd9ed0000 - 0x00007ffdd9eda000 	C:\WINDOWS\SYSTEM32\VERSION.dll
0x0000000002900000 - 0x000000000292b000 	C:\WINDOWS\SYSTEM32\WINMMBASE.dll
0x00007ffddfb90000 - 0x00007ffddfbfa000 	C:\WINDOWS\System32\WS2_32.dll
0x00007ffdde900000 - 0x00007ffdde942000 	C:\WINDOWS\System32\cfgmgr32.dll
0x0000000065cd0000 - 0x0000000065cdf000 	C:\Program Files\Java\jre1.8.0_101\bin\verify.dll
0x0000000065ca0000 - 0x0000000065cc9000 	C:\Program Files\Java\jre1.8.0_101\bin\java.dll
0x0000000065c80000 - 0x0000000065c96000 	C:\Program Files\Java\jre1.8.0_101\bin\zip.dll
0x00007ffde0110000 - 0x00007ffde1618000 	C:\WINDOWS\System32\SHELL32.dll
0x00007ffdde9b0000 - 0x00007ffddf08a000 	C:\WINDOWS\System32\windows.storage.dll
0x00007ffdde6a0000 - 0x00007ffdde6ec000 	C:\WINDOWS\System32\powrprof.dll
0x00007ffddfb00000 - 0x00007ffddfb52000 	C:\WINDOWS\System32\shlwapi.dll
0x00007ffdde700000 - 0x00007ffdde70f000 	C:\WINDOWS\System32\kernel.appcore.dll
0x00007ffddf660000 - 0x00007ffddf709000 	C:\WINDOWS\System32\shcore.dll
0x00007ffdde680000 - 0x00007ffdde694000 	C:\WINDOWS\System32\profapi.dll
0x00007ffdd0d40000 - 0x00007ffdd0e2f000 	C:\Program Files\Java\jre1.8.0_101\bin\msvcr120.dll
0x00007ffdcda50000 - 0x00007ffdcdaf6000 	C:\Program Files\Java\jre1.8.0_101\bin\msvcp120.dll
0x0000000065220000 - 0x0000000065242000 	C:\Program Files\Java\jre1.8.0_101\bin\prism_d3d.dll
0x00007ffdc1d10000 - 0x00007ffdc1e9d000 	C:\WINDOWS\system32\d3d9.dll
0x00007ffddb810000 - 0x00007ffddb836000 	C:\WINDOWS\SYSTEM32\dwmapi.dll
0x00007ffddcd10000 - 0x00007ffddcda5000 	C:\WINDOWS\system32\uxtheme.dll
0x00000000651d0000 - 0x0000000065213000 	C:\Program Files\Java\jre1.8.0_101\bin\glass.dll
0x00007ffde1fa0000 - 0x00007ffde209a000 	C:\WINDOWS\System32\COMDLG32.dll
0x00007ffde1630000 - 0x00007ffde1767000 	C:\WINDOWS\System32\ole32.dll
0x00007ffddf9e0000 - 0x00007ffddfa9c000 	C:\WINDOWS\System32\OLEAUT32.dll
0x00007ffddf880000 - 0x00007ffddf9db000 	C:\WINDOWS\System32\MSCTF.dll
0x00007ffdd5440000 - 0x00007ffdd5526000 	C:\Program Files (x86)\NVIDIA Corporation\3D Vision\nvSCPAPI64.dll
0x00007ffde1770000 - 0x00007ffde1b99000 	C:\WINDOWS\System32\SETUPAPI.dll
0x00007ffdd94b0000 - 0x00007ffdd9667000 	C:\WINDOWS\system32\nvspcap64.dll
0x00007ffddb690000 - 0x00007ffddb75c000 	C:\WINDOWS\SYSTEM32\WINHTTP.dll
0x00007ffdd12a0000 - 0x00007ffdd167b000 	C:\WINDOWS\system32\nvapi64.dll
0x00007ffddd610000 - 0x00007ffddd6af000 	C:\WINDOWS\SYSTEM32\dxgi.dll
0x00007ffdde380000 - 0x00007ffdde3ac000 	C:\WINDOWS\SYSTEM32\SspiCli.dll
0x00000000651b0000 - 0x00000000651c4000 	C:\Program Files\Java\jre1.8.0_101\bin\javafx_font.dll
0x00007ffdcd4d0000 - 0x00007ffdcd739000 	C:\WINDOWS\SYSTEM32\dwrite.dll
0x00007ffde0070000 - 0x00007ffde010f000 	C:\WINDOWS\System32\clbcatq.dll
0x00007ffddaeb0000 - 0x00007ffddb058000 	C:\WINDOWS\SYSTEM32\WindowsCodecs.dll
0x00007ffdbddf0000 - 0x00007ffdbde39000 	C:\WINDOWS\system32\dataexchange.dll
0x00007ffdda590000 - 0x00007ffdda846000 	C:\WINDOWS\system32\d3d11.dll
0x00007ffddc0c0000 - 0x00007ffddc211000 	C:\WINDOWS\system32\dcomp.dll
0x00007ffddd0e0000 - 0x00007ffddd1fc000 	C:\WINDOWS\system32\twinapi.appcore.dll
0x00007ffdde260000 - 0x00007ffdde28b000 	C:\WINDOWS\system32\bcrypt.dll
0x0000000180000000 - 0x0000000180070000 	C:\Program Files (x86)\DisplayFusion\Hooks\AppHookWIN6064_B32F0567-85B5-4870-A95F-2990DED4B8BD.dll
0x0000000065bf0000 - 0x0000000065bfc000 	C:\Program Files\Java\jre1.8.0_101\bin\jsound.dll
0x00000000651a0000 - 0x00000000651ab000 	C:\Program Files\Java\jre1.8.0_101\bin\jsoundds.dll
0x00007ffdb6420000 - 0x00007ffdb64bb000 	C:\WINDOWS\SYSTEM32\DSOUND.dll
0x00007ffdd6be0000 - 0x00007ffdd6c51000 	C:\WINDOWS\SYSTEM32\MMDevAPI.DLL
0x00007ffddb4f0000 - 0x00007ffddb675000 	C:\WINDOWS\SYSTEM32\PROPSYS.dll
0x00007ffddd310000 - 0x00007ffddd338000 	C:\WINDOWS\SYSTEM32\DEVOBJ.dll
0x00007ffdb3210000 - 0x00007ffdb324f000 	C:\WINDOWS\SYSTEM32\wdmaud.drv
0x00007ffdc9110000 - 0x00007ffdc9119000 	C:\WINDOWS\SYSTEM32\ksuser.dll
0x00007ffdda1b0000 - 0x00007ffdda1bb000 	C:\WINDOWS\SYSTEM32\AVRT.dll
0x00007ffdbfac0000 - 0x00007ffdbfb54000 	C:\WINDOWS\SYSTEM32\AUDIOSES.DLL
0x00007ffdda8d0000 - 0x00007ffddaa06000 	C:\WINDOWS\SYSTEM32\wintypes.dll
0x00007ffdc4cc0000 - 0x00007ffdc4ccd000 	C:\WINDOWS\SYSTEM32\msacm32.drv
0x00007ffdb6d80000 - 0x00007ffdb6d9c000 	C:\WINDOWS\SYSTEM32\MSACM32.dll
0x00007ffdb64e0000 - 0x00007ffdb64ea000 	C:\WINDOWS\SYSTEM32\midimap.dll
0x0000000065180000 - 0x0000000065191000 	C:\Program Files\Java\jre1.8.0_101\bin\prism_common.dll
0x00007ffdd98a0000 - 0x00007ffdd9a32000 	C:\WINDOWS\SYSTEM32\dbghelp.dll

VM Arguments:
jvm_args: -Dfile.encoding=Cp1252 
java_command: application.Kontroller
java_class_path (initial): G:\Eclipse Neon Workspace\Kontroller\bin;C:\Users\Caleb\.p2\pool\plugins\org.eclipse.fx.ide.css.jfx8_2.4.0.201605112122.jar;G:\Java Libraries\commons-lang3-3.4.jar;G:\Java Libraries\jna-4.2.2.jar
Launcher Type: SUN_STANDARD

Environment Variables:
JAVA_HOME=C:\Programs\NVPACK\jdk1.7.0_71
PATH=C:/Program Files/Java/jre1.8.0_101/bin/server;C:/Program Files/Java/jre1.8.0_101/bin;C:/Program Files/Java/jre1.8.0_101/lib/amd64;C:\Program Files (x86)\Oculus\Support\oculus-runtime;C:\ProgramData\Oracle\Java\javapath;C:\Program Files (x86)\Common Files\Intel\Shared Files\cpp\bin\Intel64;C:\Windows\system32;C:\Windows;C:\Windows\System32\Wbem;C:\Windows\System32\WindowsPowerShell\v1.0\;C:\Users\Caleb\.dnx\bin;C:\Program Files\Microsoft DNX\Dnvm\;C:\Program Files (x86)\Windows Live\Shared;C:\Program Files\Microsoft SQL Server\120\Tools\Binn\;C:\Program Files (x86)\Windows Kits\10\Windows Performance Toolkit\;C:\Program Files (x86)\Skype\Phone\;C:\Program Files (x86)\GtkSharp\2.12\bin;C:\WINDOWS\system32;C:\WINDOWS;C:\WINDOWS\System32\Wbem;C:\WINDOWS\System32\WindowsPowerShell\v1.0\;C:\Program Files\Microsoft SQL Server\Client SDK\ODBC\110\Tools\Binn\;C:\Program Files (x86)\Microsoft SQL Server\120\Tools\Binn\ManagementStudio\;C:\Program Files (x86)\Microsoft SQL Server\120\Tools\Binn\;C:\Program Files (x86)\Microsoft SQL Server\120\DTS\Binn\;C:\Program Files\Microsoft SQL Server\120\DTS\Binn\;C:\Program Files\Java\jre1.8.0_73\bin;C:\Program Files\OpenVPN\bin;C:\Program Files\Microsoft Network Monitor 3\;C:\Program Files (x86)\NVIDIA Corporation\PhysX\Common;C:\Program Files (x86)\QuickTime\QTSystem\;C:\WINDOWS\system32;C:\WINDOWS;C:\WINDOWS\System32\Wbem;C:\WINDOWS\System32\WindowsPowerShell\v1.0\;C:\programs\HashiCorp Vagrant\bin;C:\Program Files (x86)\PuTTY\;C:\Programs\NVPACK\gradle-2.2.1\bin;C:\Programs\NVPACK\apache-ant-1.8.2\bin;C:\Programs\NVPACK\jdk1.7.0_71\bin;;%USERPROFILE%\AppData\Local\Microsoft\WindowsApps;;C:\Users\Caleb\Desktop;
USERNAME=Caleb
OS=Windows_NT
PROCESSOR_IDENTIFIER=AMD64 Family 21 Model 2 Stepping 0, AuthenticAMD



---------------  S Y S T E M  ---------------

OS: Windows 10.0 , 64 bit Build 14393 (10.0.14393.0)

CPU:total 8 (8 cores per cpu, 1 threads per core) family 21 model 2 stepping 0, cmov, cx8, fxsr, mmx, sse, sse2, sse3, ssse3, sse4.1, sse4.2, popcnt, avx, aes, clmul, mmxext, 3dnowpref, lzcnt, sse4a, tsc, tscinvbit, tscinv, bmi1

Memory: 4k page, physical 25076328k(19016364k free), swap 28746344k(18858996k free)

vm_info: Java HotSpot(TM) 64-Bit Server VM (25.101-b13) for windows-amd64 JRE (1.8.0_101-b13), built on Jun 22 2016 01:21:29 by "java_re" with MS VC++ 10.0 (VS2010)

time: Fri Sep 16 10:31:38 2016
elapsed time: 6 seconds (0d 0h 0m 6s)

