#
# A fatal error has been detected by the Java Runtime Environment:
#
#  EXCEPTION_ACCESS_VIOLATION (0xc0000005) at pc=0x00007ffe98f9f21b, pid=18100, tid=0x00000000000049a8
#
# JRE version: Java(TM) SE Runtime Environment (8.0_101-b13) (build 1.8.0_101-b13)
# Java VM: Java HotSpot(TM) 64-Bit Server VM (25.101-b13 mixed mode windows-amd64 compressed oops)
# Problematic frame:
# C  [ntdll.dll+0x2f21b]
#
# Failed to write core dump. Minidumps are not enabled by default on client versions of Windows
#
# If you would like to submit a bug report, please visit:
#   http://bugreport.java.com/bugreport/crash.jsp
# The crash happened outside the Java Virtual Machine in native code.
# See problematic frame for where to report the bug.
#

---------------  T H R E A D  ---------------

Current thread (0x0000000024bd2000):  JavaThread "Thread-8" [_thread_in_native, id=18856, stack(0x0000000035830000,0x0000000035930000)]

siginfo: ExceptionCode=0xc0000005, writing address 0x0000000000000024

Registers:
RAX=0x0000000000000000, RBX=0x000000002afeda48, RCX=0x000000002afeda48, RDX=0xffffffffffffffff
RSP=0x000000003592ed30, RBP=0x00000000008c6000, RSI=0x0000000000000000, RDI=0x0000000000000000
R8 =0x0000000000000000, R9 =0x0000000000000000, R10=0x0000000000000000, R11=0x000000003592ed10
R12=0x0000000000000000, R13=0x000000002fb883f0, R14=0x0000000000000001, R15=0x0000000000000000
RIP=0x00007ffe98f9f21b, EFLAGS=0x0000000000010213

Top of Stack: (sp=0x000000003592ed30)
0x000000003592ed30:   ffffffffffffffff 000000002afeda48
0x000000003592ed40:   0000000000000000 00000000fffffffd
0x000000003592ed50:   0000000000000000 0000000000000000
0x000000003592ed60:   00000000252b7600 00000000fffffffe
0x000000003592ed70:   00000000008c6000 0000000000000000
0x000000003592ed80:   00000000252b7780 0000000000b40000
0x000000003592ed90:   00000000252b7790 00007ffe98fac1b8
0x000000003592eda0:   000000002fad4020 000000000105390f
0x000000003592edb0:   000009af558f4332 00007ffe95a275ff
0x000000003592edc0:   000000002fad4020 0000000000000001
0x000000003592edd0:   000000002fb883f0 0000000000000000
0x000000003592ede0:   000000002afeda48 0000000000000001
0x000000003592edf0:   000000002fad4001 00007ffe98fa0724
0x000000003592ee00:   0000000000000070 00000000010538c7
0x000000003592ee10:   00000000000007cf 0000000000000000
0x000000003592ee20:   0000000000000008 00007ffe98fa0650 

Instructions: (pc=0x00007ffe98f9f21b)
0x00007ffe98f9f1fb:   48 39 7b 18 0f 84 c0 00 00 00 48 83 3b ff 0f 84
0x00007ffe98f9f20b:   c3 00 00 00 48 8b 03 44 8b e7 48 83 f8 ff 74 03
0x00007ffe98f9f21b:   ff 40 24 4c 8b 6b 18 4c 8d 35 3f d3 11 00 33 ed
0x00007ffe98f9f22b:   b8 82 03 fe 7f 8a 08 84 c9 0f 85 c6 b2 08 00 49 


Register to memory mapping:

RAX=0x0000000000000000 is an unknown value
RBX=0x000000002afeda48 is an unknown value
RCX=0x000000002afeda48 is an unknown value
RDX=0xffffffffffffffff is an unknown value
RSP=0x000000003592ed30 is pointing into the stack for thread: 0x0000000024bd2000
RBP=0x00000000008c6000 is an unknown value
RSI=0x0000000000000000 is an unknown value
RDI=0x0000000000000000 is an unknown value
R8 =0x0000000000000000 is an unknown value
R9 =0x0000000000000000 is an unknown value
R10=0x0000000000000000 is an unknown value
R11=0x000000003592ed10 is pointing into the stack for thread: 0x0000000024bd2000
R12=0x0000000000000000 is an unknown value
R13=0x000000002fb883f0 is an unknown value
R14=0x0000000000000001 is an unknown value
R15=0x0000000000000000 is an unknown value


Stack: [0x0000000035830000,0x0000000035930000],  sp=0x000000003592ed30,  free space=1019k
Native frames: (J=compiled Java code, j=interpreted, Vv=VM code, C=native code)
C  [ntdll.dll+0x2f21b]
C  [ntdll.dll+0x30724]
C  [ntdll.dll+0x30650]
C  [WINMMBASE.dll+0x136ba]
C  [WINMMBASE.dll+0x13f8c]
C  [jsound.dll+0x2574]
C  [jsound.dll+0x1528]
C  0x0000000002b709ac

Java frames: (J=compiled Java code, j=interpreted, Vv=VM code)
j  com.sun.media.sound.MidiOutDevice.nSendLongMessage(J[BIJ)V+0
j  com.sun.media.sound.MidiOutDevice.access$100(Lcom/sun/media/sound/MidiOutDevice;J[BIJ)V+7
j  com.sun.media.sound.MidiOutDevice$MidiOutReceiver.implSend(Ljavax/sound/midi/MidiMessage;J)V+256
j  com.sun.media.sound.AbstractMidiDevice$AbstractReceiver.send(Ljavax/sound/midi/MidiMessage;J)V+20
j  application.PadKontrol.SendMessage([B)V+42
j  application.PadKontrol.setLcdText(Ljava/lang/String;Z)V+43
j  application.LcdTextManager.run()V+31
j  java.lang.Thread.run()V+11
v  ~StubRoutines::call_stub

---------------  P R O C E S S  ---------------

Java Threads: ( => current thread )
=>0x0000000024bd2000 JavaThread "Thread-8" [_thread_in_native, id=18856, stack(0x0000000035830000,0x0000000035930000)]
  0x000000002fb7f000 JavaThread "pool-2-thread-1" [_thread_blocked, id=18964, stack(0x0000000035730000,0x0000000035830000)]
  0x0000000024995800 JavaThread "Prism Font Disposer" daemon [_thread_blocked, id=18912, stack(0x00000000320c0000,0x00000000321c0000)]
  0x0000000024611000 JavaThread "JavaFX-Launcher" [_thread_blocked, id=2324, stack(0x0000000029bb0000,0x0000000029cb0000)]
  0x00000000245b0800 JavaThread "Thread-2" daemon [_thread_in_native, id=13084, stack(0x0000000029ab0000,0x0000000029bb0000)]
  0x00000000244da000 JavaThread "JavaFX Application Thread" [_thread_blocked, id=16764, stack(0x0000000024fd0000,0x00000000250d0000)]
  0x00000000244d1800 JavaThread "Thread-1" daemon [_thread_blocked, id=18336, stack(0x0000000024ed0000,0x0000000024fd0000)]
  0x00000000244ab800 JavaThread "QuantumRenderer-0" daemon [_thread_blocked, id=17284, stack(0x0000000024c60000,0x0000000024d60000)]
  0x000000002301d000 JavaThread "Service Thread" daemon [_thread_blocked, id=18284, stack(0x0000000024260000,0x0000000024360000)]
  0x0000000022f91000 JavaThread "C1 CompilerThread3" daemon [_thread_blocked, id=13372, stack(0x0000000024160000,0x0000000024260000)]
  0x0000000022f8e000 JavaThread "C2 CompilerThread2" daemon [_thread_blocked, id=11108, stack(0x0000000024060000,0x0000000024160000)]
  0x0000000022f8b800 JavaThread "C2 CompilerThread1" daemon [_thread_blocked, id=14332, stack(0x0000000023f60000,0x0000000024060000)]
  0x0000000022f83800 JavaThread "C2 CompilerThread0" daemon [_thread_blocked, id=6480, stack(0x0000000023e60000,0x0000000023f60000)]
  0x0000000022f76800 JavaThread "JDWP Command Reader" daemon [_thread_in_native, id=10856, stack(0x0000000023d60000,0x0000000023e60000)]
  0x0000000022f6f800 JavaThread "JDWP Event Helper Thread" daemon [_thread_blocked, id=6720, stack(0x0000000023c60000,0x0000000023d60000)]
  0x0000000022f65000 JavaThread "JDWP Transport Listener: dt_socket" daemon [_thread_blocked, id=8228, stack(0x0000000023720000,0x0000000023820000)]
  0x0000000022f5b000 JavaThread "Attach Listener" daemon [_thread_blocked, id=15080, stack(0x0000000023620000,0x0000000023720000)]
  0x0000000022f5a000 JavaThread "Signal Dispatcher" daemon [_thread_blocked, id=13584, stack(0x0000000023520000,0x0000000023620000)]
  0x0000000021063800 JavaThread "Finalizer" daemon [_thread_blocked, id=5912, stack(0x0000000023330000,0x0000000023430000)]
  0x000000002105c800 JavaThread "Reference Handler" daemon [_thread_blocked, id=9908, stack(0x0000000022e30000,0x0000000022f30000)]
  0x0000000002a52800 JavaThread "main" [_thread_blocked, id=196, stack(0x00000000028e0000,0x00000000029e0000)]

Other Threads:
  0x000000002105b000 VMThread [stack: 0x0000000022d30000,0x0000000022e30000] [id=19344]
  0x0000000023038800 WatcherThread [stack: 0x0000000024360000,0x0000000024460000] [id=11020]

VM state:not at safepoint (normal execution)

VM Mutex/Monitor currently owned by a thread: None

Heap:
 PSYoungGen      total 114688K, used 60091K [0x0000000740700000, 0x0000000748700000, 0x00000007c0000000)
  eden space 98304K, 61% used [0x0000000740700000,0x00000007441aeca0,0x0000000746700000)
  from space 16384K, 0% used [0x0000000747700000,0x0000000747700000,0x0000000748700000)
  to   space 16384K, 0% used [0x0000000746700000,0x0000000746700000,0x0000000747700000)
 ParOldGen       total 262144K, used 0K [0x0000000641400000, 0x0000000651400000, 0x0000000740700000)
  object space 262144K, 0% used [0x0000000641400000,0x0000000641400000,0x0000000651400000)
 Metaspace       used 18175K, capacity 19092K, committed 19328K, reserved 1064960K
  class space    used 2651K, capacity 2859K, committed 2944K, reserved 1048576K

Card table byte_map: [0x0000000011f10000,0x0000000012b10000] byte_map_base: 0x000000000ed06000

Marking Bits: (ParMarkBitMap*) 0x000000007404a6d0
 Begin Bits: [0x0000000013b10000, 0x0000000019ac0000)
 End Bits:   [0x0000000019ac0000, 0x000000001fa70000)

Polling page: 0x00000000027f0000

CodeCache: size=245760Kb used=5824Kb max_used=5824Kb free=239935Kb
 bounds [0x0000000002b50000, 0x0000000003110000, 0x0000000011b50000]
 total_blobs=2470 nmethods=1809 adapters=582
 compilation: enabled

Compilation events (10 events):
Event: 13.948 Thread 0x0000000022f91000 1806       3       java.lang.invoke.MethodHandles$Lookup::maybeBindCaller (44 bytes)
Event: 13.949 Thread 0x0000000022f91000 nmethod 1806 0x00000000030fd310 code [0x00000000030fd4e0, 0x00000000030fde78]
Event: 13.949 Thread 0x0000000022f91000 1803       3       java.lang.invoke.MethodHandleNatives::canBeCalledVirtual (132 bytes)
Event: 13.950 Thread 0x0000000022f91000 nmethod 1803 0x00000000030fe250 code [0x00000000030fe440, 0x00000000030fed98]
Event: 13.950 Thread 0x0000000022f91000 1804       3       java.lang.invoke.MethodHandle::setVarargs (38 bytes)
Event: 13.950 Thread 0x0000000022f91000 nmethod 1804 0x00000000030ff010 code [0x00000000030ff200, 0x00000000030ffcc8]
Event: 13.950 Thread 0x0000000022f91000 1805       3       java.lang.invoke.MemberName::isVarargs (23 bytes)
Event: 13.951 Thread 0x0000000022f91000 nmethod 1805 0x00000000031000d0 code [0x0000000003100260, 0x00000000031007d0]
Event: 13.951 Thread 0x0000000022f91000 1807       3       com.sun.javafx.tk.Toolkit::isFxUserThread (15 bytes)
Event: 13.952 Thread 0x0000000022f91000 nmethod 1807 0x0000000003100950 code [0x0000000003100aa0, 0x0000000003100c70]

GC Heap History (0 events):
No events

Deoptimization events (10 events):
Event: 1.586 Thread 0x00000000244da000 Uncommon trap: reason=unstable_if action=reinterpret pc=0x0000000002e1b6a0 method=sun.net.www.ParseUtil.encodePath(Ljava/lang/String;Z)Ljava/lang/String; @ 109
Event: 2.180 Thread 0x00000000244da000 Uncommon trap: reason=unstable_if action=reinterpret pc=0x0000000002e649b8 method=jdk.internal.org.objectweb.asm.Type.getArgumentsAndReturnSizes(Ljava/lang/String;)I @ 47
Event: 2.221 Thread 0x00000000249cf800 Uncommon trap: reason=unstable_if action=reinterpret pc=0x0000000002e16d84 method=java.lang.String.indexOf([CII[CIII)I @ 3
Event: 2.226 Thread 0x00000000249cf800 Uncommon trap: reason=class_check action=maybe_recompile pc=0x0000000002f17710 method=java.util.HashMap.putVal(ILjava/lang/Object;Ljava/lang/Object;ZZ)Ljava/lang/Object; @ 253
Event: 2.226 Thread 0x00000000249cf800 Uncommon trap: reason=class_check action=maybe_recompile pc=0x0000000002f17710 method=java.util.HashMap.putVal(ILjava/lang/Object;Ljava/lang/Object;ZZ)Ljava/lang/Object; @ 253
Event: 2.226 Thread 0x00000000249cf800 Uncommon trap: reason=class_check action=maybe_recompile pc=0x0000000002f17710 method=java.util.HashMap.putVal(ILjava/lang/Object;Ljava/lang/Object;ZZ)Ljava/lang/Object; @ 253
Event: 2.226 Thread 0x00000000249cf800 Uncommon trap: reason=class_check action=maybe_recompile pc=0x0000000002f17710 method=java.util.HashMap.putVal(ILjava/lang/Object;Ljava/lang/Object;ZZ)Ljava/lang/Object; @ 253
Event: 2.388 Thread 0x00000000249cf800 Uncommon trap: reason=class_check action=maybe_recompile pc=0x0000000002feff50 method=java.util.HashMap.putVal(ILjava/lang/Object;Ljava/lang/Object;ZZ)Ljava/lang/Object; @ 203
Event: 2.388 Thread 0x00000000249cf800 Uncommon trap: reason=class_check action=maybe_recompile pc=0x0000000002feff50 method=java.util.HashMap.putVal(ILjava/lang/Object;Ljava/lang/Object;ZZ)Ljava/lang/Object; @ 203
Event: 13.201 Thread 0x00000000244da000 Uncommon trap: reason=unstable_if action=reinterpret pc=0x0000000002fd5b3c method=com.sun.javafx.css.SimpleSelector.stateMatches(Ljavafx/css/Styleable;Ljava/util/Set;)Z @ 1

Internal exceptions (10 events):
Event: 0.322 Thread 0x0000000002a52800 Exception <a 'java/security/PrivilegedActionException'> (0x0000000740ceeab8) thrown at [C:\re\workspace\8-2-build-windows-amd64-cygwin\jdk8u101\7261\hotspot\src\share\vm\prims\jvm.cpp, line 1386]
Event: 0.323 Thread 0x0000000002a52800 Exception <a 'java/lang/NullPointerException'> (0x0000000740cef200) thrown at [C:\re\workspace\8-2-build-windows-amd64-cygwin\jdk8u101\7261\hotspot\src\share\vm\interpreter\linkResolver.cpp, line 1178]
Event: 1.179 Thread 0x00000000244da000 Exception <a 'java/lang/NullPointerException'> (0x0000000741c0b8b8) thrown at [C:\re\workspace\8-2-build-windows-amd64-cygwin\jdk8u101\7261\hotspot\src\share\vm\interpreter\linkResolver.cpp, line 1178]
Event: 1.179 Thread 0x00000000244da000 Exception <a 'java/lang/NullPointerException'> (0x0000000741c0b8b8) thrown at [C:\re\workspace\8-2-build-windows-amd64-cygwin\jdk8u101\7261\hotspot\src\share\vm\prims\jvm.cpp, line 1390]
Event: 1.296 Thread 0x00000000244da000 Exception <a 'java/lang/ArrayIndexOutOfBoundsException'> (0x0000000742048540) thrown at [C:\re\workspace\8-2-build-windows-amd64-cygwin\jdk8u101\7261\hotspot\src\share\vm\runtime\sharedRuntime.cpp, line 605]
Event: 1.296 Thread 0x00000000244da000 Exception <a 'java/lang/ArrayIndexOutOfBoundsException'> (0x0000000742049058) thrown at [C:\re\workspace\8-2-build-windows-amd64-cygwin\jdk8u101\7261\hotspot\src\share\vm\runtime\sharedRuntime.cpp, line 605]
Event: 1.296 Thread 0x00000000244da000 Exception <a 'java/lang/ArrayIndexOutOfBoundsException'> (0x000000074204a400) thrown at [C:\re\workspace\8-2-build-windows-amd64-cygwin\jdk8u101\7261\hotspot\src\share\vm\runtime\sharedRuntime.cpp, line 605]
Event: 1.359 Thread 0x00000000244da000 Implicit null exception at 0x0000000002dc0574 to 0x0000000002dc07dd
Event: 6.754 Thread 0x000000002fb7f000 Exception <a 'java/lang/ArrayIndexOutOfBoundsException': 4> (0x0000000743bf6690) thrown at [C:\re\workspace\8-2-build-windows-amd64-cygwin\jdk8u101\7261\hotspot\src\share\vm\interpreter\interpreterRuntime.cpp, line 366]
Event: 13.201 Thread 0x00000000244da000 Implicit null exception at 0x0000000002fd5063 to 0x0000000002fd5af1

Events (10 events):
Event: 13.952 Thread 0x00000000244da000 DEOPT UNPACKING pc=0x0000000002b9747f sp=0x00000000250cc010 mode 1
Event: 13.952 Executing VM operation: RevokeBias
Event: 13.952 Executing VM operation: RevokeBias done
Event: 13.952 Thread 0x00000000244da000 DEOPT PACKING pc=0x0000000002cc87a4 sp=0x00000000250cc340
Event: 13.952 Thread 0x00000000244da000 DEOPT UNPACKING pc=0x0000000002b9747f sp=0x00000000250cc160 mode 1
Event: 13.952 Executing VM operation: RevokeBias
Event: 13.953 Executing VM operation: RevokeBias done
Event: 13.953 Thread 0x00000000244da000 DEOPT PACKING pc=0x0000000002cc853c sp=0x00000000250cc4d0
Event: 13.953 Thread 0x00000000244da000 DEOPT UNPACKING pc=0x0000000002b9747f sp=0x00000000250cc2f0 mode 1
Event: 13.953 Thread 0x0000000024bd2000 Thread added: 0x0000000024bd2000


Dynamic libraries:
0x00007ff786f70000 - 0x00007ff786fa7000 	C:\Program Files\Java\jre1.8.0_101\bin\javaw.exe
0x00007ffe98f70000 - 0x00007ffe99141000 	C:\WINDOWS\SYSTEM32\ntdll.dll
0x00007ffe98a20000 - 0x00007ffe98acb000 	C:\WINDOWS\System32\KERNEL32.DLL
0x00007ffe95a10000 - 0x00007ffe95c2d000 	C:\WINDOWS\System32\KERNELBASE.dll
0x00007ffe980e0000 - 0x00007ffe98182000 	C:\WINDOWS\System32\ADVAPI32.dll
0x00007ffe96560000 - 0x00007ffe965fe000 	C:\WINDOWS\System32\msvcrt.dll
0x00007ffe96500000 - 0x00007ffe96559000 	C:\WINDOWS\System32\sechost.dll
0x00007ffe98510000 - 0x00007ffe98631000 	C:\WINDOWS\System32\RPCRT4.dll
0x00007ffe98640000 - 0x00007ffe987a5000 	C:\WINDOWS\System32\USER32.dll
0x00007ffe95c30000 - 0x00007ffe95c4e000 	C:\WINDOWS\System32\win32u.dll
0x00007ffe98430000 - 0x00007ffe98464000 	C:\WINDOWS\System32\GDI32.dll
0x00007ffe95500000 - 0x00007ffe95682000 	C:\WINDOWS\System32\gdi32full.dll
0x00007ffe8e2d0000 - 0x00007ffe8e549000 	C:\WINDOWS\WinSxS\amd64_microsoft.windows.common-controls_6595b64144ccf1df_6.0.14393.0_none_2d0f50fcbdb171b8\COMCTL32.dll
0x00007ffe97cb0000 - 0x00007ffe97f77000 	C:\WINDOWS\System32\combase.dll
0x00007ffe95c50000 - 0x00007ffe95d45000 	C:\WINDOWS\System32\ucrtbase.dll
0x00007ffe96430000 - 0x00007ffe9649a000 	C:\WINDOWS\System32\bcryptPrimitives.dll
0x00007ffe97c80000 - 0x00007ffe97cae000 	C:\WINDOWS\System32\IMM32.DLL
0x0000000073660000 - 0x0000000073732000 	C:\Program Files\Java\jre1.8.0_101\bin\msvcr100.dll
0x0000000073830000 - 0x00000000740ca000 	C:\Program Files\Java\jre1.8.0_101\bin\server\jvm.dll
0x00007ffe96600000 - 0x00007ffe96608000 	C:\WINDOWS\System32\PSAPI.DLL
0x00007ffe93210000 - 0x00007ffe93233000 	C:\WINDOWS\SYSTEM32\WINMM.dll
0x00007ffe7d490000 - 0x00007ffe7d499000 	C:\WINDOWS\SYSTEM32\WSOCK32.dll
0x00007ffe8fb50000 - 0x00007ffe8fb5a000 	C:\WINDOWS\SYSTEM32\VERSION.dll
0x00007ffe98950000 - 0x00007ffe989ba000 	C:\WINDOWS\System32\WS2_32.dll
0x0000000001050000 - 0x000000000107b000 	C:\WINDOWS\SYSTEM32\WINMMBASE.dll
0x00007ffe95740000 - 0x00007ffe95782000 	C:\WINDOWS\System32\cfgmgr32.dll
0x00000000751b0000 - 0x00000000751bf000 	C:\Program Files\Java\jre1.8.0_101\bin\verify.dll
0x0000000073800000 - 0x0000000073829000 	C:\Program Files\Java\jre1.8.0_101\bin\java.dll
0x0000000073540000 - 0x0000000073575000 	C:\Program Files\Java\jre1.8.0_101\bin\jdwp.dll
0x0000000073530000 - 0x0000000073538000 	C:\Program Files\Java\jre1.8.0_101\bin\npt.dll
0x00000000737e0000 - 0x00000000737f6000 	C:\Program Files\Java\jre1.8.0_101\bin\zip.dll
0x00007ffe96610000 - 0x00007ffe97b18000 	C:\WINDOWS\System32\SHELL32.dll
0x00007ffe95d50000 - 0x00007ffe9642a000 	C:\WINDOWS\System32\windows.storage.dll
0x00007ffe954b0000 - 0x00007ffe954fc000 	C:\WINDOWS\System32\powrprof.dll
0x00007ffe98f10000 - 0x00007ffe98f62000 	C:\WINDOWS\System32\shlwapi.dll
0x00007ffe954a0000 - 0x00007ffe954af000 	C:\WINDOWS\System32\kernel.appcore.dll
0x00007ffe95690000 - 0x00007ffe95739000 	C:\WINDOWS\System32\shcore.dll
0x00007ffe95470000 - 0x00007ffe95484000 	C:\WINDOWS\System32\profapi.dll
0x0000000073520000 - 0x0000000073529000 	C:\Program Files\Java\jre1.8.0_101\bin\dt_socket.dll
0x00007ffe7be50000 - 0x00007ffe7be66000 	C:\WINDOWS\system32\napinsp.dll
0x00007ffe7be30000 - 0x00007ffe7be4a000 	C:\WINDOWS\system32\pnrpnsp.dll
0x00007ffe92f30000 - 0x00007ffe92f48000 	C:\WINDOWS\system32\NLAapi.dll
0x00007ffe94da0000 - 0x00007ffe94dfc000 	C:\WINDOWS\System32\mswsock.dll
0x00007ffe94b70000 - 0x00007ffe94c10000 	C:\WINDOWS\SYSTEM32\DNSAPI.dll
0x00007ffe98360000 - 0x00007ffe98368000 	C:\WINDOWS\System32\NSI.dll
0x00007ffe94b30000 - 0x00007ffe94b68000 	C:\WINDOWS\SYSTEM32\IPHLPAPI.DLL
0x00007ffe7be20000 - 0x00007ffe7be2e000 	C:\WINDOWS\System32\winrnr.dll
0x00000000757c0000 - 0x00000000757e6000 	C:\Program Files\Bonjour\mdnsNSP.dll
0x00007ffe8ccb0000 - 0x00007ffe8cd1a000 	C:\WINDOWS\System32\fwpuclnt.dll
0x00007ffe95050000 - 0x00007ffe9507b000 	C:\WINDOWS\SYSTEM32\bcrypt.dll
0x00007ffe8cb70000 - 0x00007ffe8cb7a000 	C:\Windows\System32\rasadhlp.dll
0x00007ffe88a10000 - 0x00007ffe88aff000 	C:\Program Files\Java\jre1.8.0_101\bin\msvcr120.dll
0x00007ffe79810000 - 0x00007ffe798b6000 	C:\Program Files\Java\jre1.8.0_101\bin\msvcp120.dll
0x0000000073630000 - 0x0000000073652000 	C:\Program Files\Java\jre1.8.0_101\bin\prism_d3d.dll
0x00007ffe7a8e0000 - 0x00007ffe7aa6d000 	C:\WINDOWS\system32\d3d9.dll
0x00007ffe92a80000 - 0x00007ffe92aa6000 	C:\WINDOWS\SYSTEM32\dwmapi.dll
0x00007ffe93b00000 - 0x00007ffe93b95000 	C:\WINDOWS\system32\uxtheme.dll
0x00007ffe67340000 - 0x00007ffe683e0000 	C:\WINDOWS\SYSTEM32\nvd3dumx.dll
0x00000000735e0000 - 0x0000000073623000 	C:\Program Files\Java\jre1.8.0_101\bin\glass.dll
0x00007ffe97b80000 - 0x00007ffe97c7a000 	C:\WINDOWS\System32\COMDLG32.dll
0x00007ffe98200000 - 0x00007ffe98337000 	C:\WINDOWS\System32\ole32.dll
0x00007ffe98370000 - 0x00007ffe9842c000 	C:\WINDOWS\System32\OLEAUT32.dll
0x00007ffe97f80000 - 0x00007ffe980db000 	C:\WINDOWS\System32\MSCTF.dll
0x00007ffe8cbc0000 - 0x00007ffe8cca6000 	C:\Program Files (x86)\NVIDIA Corporation\3D Vision\nvSCPAPI64.dll
0x00007ffe98ae0000 - 0x00007ffe98f09000 	C:\WINDOWS\System32\SETUPAPI.dll
0x00007ffe8f6b0000 - 0x00007ffe8f867000 	C:\WINDOWS\system32\nvspcap64.dll
0x00007ffe92950000 - 0x00007ffe92a1c000 	C:\WINDOWS\SYSTEM32\WINHTTP.dll
0x00007ffe894a0000 - 0x00007ffe8987b000 	C:\WINDOWS\system32\nvapi64.dll
0x00007ffe94400000 - 0x00007ffe9449f000 	C:\WINDOWS\SYSTEM32\dxgi.dll
0x00007ffe95170000 - 0x00007ffe9519c000 	C:\WINDOWS\SYSTEM32\SspiCli.dll
0x00000000735c0000 - 0x00000000735d4000 	C:\Program Files\Java\jre1.8.0_101\bin\javafx_font.dll
0x00007ffe81460000 - 0x00007ffe816c9000 	C:\WINDOWS\SYSTEM32\dwrite.dll
0x00007ffe98470000 - 0x00007ffe9850f000 	C:\WINDOWS\System32\clbcatq.dll
0x00007ffe923c0000 - 0x00007ffe92568000 	C:\WINDOWS\SYSTEM32\WindowsCodecs.dll
0x00007ffe75810000 - 0x00007ffe75859000 	C:\WINDOWS\system32\dataexchange.dll
0x00007ffe91760000 - 0x00007ffe91a16000 	C:\WINDOWS\system32\d3d11.dll
0x00007ffe93240000 - 0x00007ffe93391000 	C:\WINDOWS\system32\dcomp.dll
0x00007ffe93ed0000 - 0x00007ffe93fec000 	C:\WINDOWS\system32\twinapi.appcore.dll
0x00007ffe88510000 - 0x00007ffe88542000 	C:\Program Files\Common Files\Microsoft Shared\Ink\rtscom.dll
0x0000000180000000 - 0x0000000180070000 	C:\Program Files (x86)\DisplayFusion\Hooks\AppHookWIN6064_B32F0567-85B5-4870-A95F-2990DED4B8BD.dll
0x00000000735b0000 - 0x00000000735bc000 	C:\Program Files\Java\jre1.8.0_101\bin\jsound.dll
0x00000000735a0000 - 0x00000000735ab000 	C:\Program Files\Java\jre1.8.0_101\bin\jsoundds.dll
0x00007ffe69bd0000 - 0x00007ffe69c6b000 	C:\WINDOWS\SYSTEM32\DSOUND.dll
0x00007ffe8f490000 - 0x00007ffe8f501000 	C:\WINDOWS\SYSTEM32\MMDevAPI.DLL
0x00007ffe940e0000 - 0x00007ffe94108000 	C:\WINDOWS\SYSTEM32\DEVOBJ.dll
0x00007ffe92610000 - 0x00007ffe92795000 	C:\WINDOWS\SYSTEM32\PROPSYS.dll
0x00007ffe6b060000 - 0x00007ffe6b09f000 	C:\WINDOWS\SYSTEM32\wdmaud.drv
0x00007ffe7beb0000 - 0x00007ffe7beb9000 	C:\WINDOWS\SYSTEM32\ksuser.dll
0x00007ffe916d0000 - 0x00007ffe916db000 	C:\WINDOWS\SYSTEM32\AVRT.dll
0x00007ffe76e20000 - 0x00007ffe76eb4000 	C:\WINDOWS\SYSTEM32\AUDIOSES.DLL
0x00007ffe91b20000 - 0x00007ffe91c56000 	C:\WINDOWS\SYSTEM32\wintypes.dll
0x00007ffe81170000 - 0x00007ffe8117d000 	C:\WINDOWS\SYSTEM32\msacm32.drv
0x00007ffe7d180000 - 0x00007ffe7d19c000 	C:\WINDOWS\SYSTEM32\MSACM32.dll
0x00007ffe81160000 - 0x00007ffe8116a000 	C:\WINDOWS\SYSTEM32\midimap.dll
0x00007ffe79710000 - 0x00007ffe7980f000 	C:\Program Files (x86)\VB\Voicemeeter\VoicemeeterRemote64.dll
0x00007ffe94f50000 - 0x00007ffe94f67000 	C:\WINDOWS\SYSTEM32\CRYPTSP.dll
0x00007ffe949b0000 - 0x00007ffe949e3000 	C:\WINDOWS\system32\rsaenh.dll
0x00007ffe94c20000 - 0x00007ffe94c3f000 	C:\WINDOWS\SYSTEM32\USERENV.dll
0x00007ffe94f40000 - 0x00007ffe94f4b000 	C:\WINDOWS\SYSTEM32\CRYPTBASE.dll
0x00000000737c0000 - 0x00000000737da000 	C:\Program Files\Java\jre1.8.0_101\bin\net.dll
0x00007ffe8d500000 - 0x00007ffe8d516000 	C:\WINDOWS\SYSTEM32\dhcpcsvc6.DLL
0x0000000073580000 - 0x0000000073591000 	C:\Program Files\Java\jre1.8.0_101\bin\prism_common.dll
0x00007ffe8d4e0000 - 0x00007ffe8d4fa000 	C:\WINDOWS\SYSTEM32\dhcpcsvc.DLL
0x00000000737a0000 - 0x00000000737b1000 	C:\Program Files\Java\jre1.8.0_101\bin\nio.dll
0x00007ffe81d20000 - 0x00007ffe81d45000 	C:\Users\Caleb\AppData\Local\Temp\jna-64872651\jna5953113315897294737.dll
0x00007ffe964a0000 - 0x00007ffe964f5000 	C:\WINDOWS\System32\WINTRUST.dll
0x00007ffe95490000 - 0x00007ffe954a0000 	C:\WINDOWS\System32\MSASN1.dll
0x00007ffe95790000 - 0x00007ffe95958000 	C:\WINDOWS\System32\CRYPT32.dll
0x00007ffe8f910000 - 0x00007ffe8faa2000 	C:\WINDOWS\SYSTEM32\dbghelp.dll

VM Arguments:
jvm_args: -agentlib:jdwp=transport=dt_socket,suspend=y,address=localhost:3615 -Dfile.encoding=Cp1252 
java_command: application.Kontroller
java_class_path (initial): G:\Eclipse Neon Workspace\Kontroller\bin;C:\Users\Caleb\.p2\pool\plugins\org.eclipse.fx.ide.css.jfx8_2.4.0.201605112122.jar;G:\Java Libraries\commons-lang3-3.4.jar;G:\Java Libraries\jna-4.2.2.jar
Launcher Type: SUN_STANDARD

Environment Variables:
JAVA_HOME=C:\Programs\NVPACK\jdk1.7.0_71
PATH=C:/Program Files/Java/jre1.8.0_101/bin/server;C:/Program Files/Java/jre1.8.0_101/bin;C:/Program Files/Java/jre1.8.0_101/lib/amd64;C:\Program Files (x86)\Oculus\Support\oculus-runtime;C:\ProgramData\Oracle\Java\javapath;C:\Program Files (x86)\Common Files\Intel\Shared Files\cpp\bin\Intel64;C:\Windows\system32;C:\Windows;C:\Windows\System32\Wbem;C:\Windows\System32\WindowsPowerShell\v1.0\;C:\Users\Caleb\.dnx\bin;C:\Program Files\Microsoft DNX\Dnvm\;C:\Program Files (x86)\Windows Live\Shared;C:\Program Files\Microsoft SQL Server\120\Tools\Binn\;C:\Program Files (x86)\Windows Kits\10\Windows Performance Toolkit\;C:\Program Files (x86)\Skype\Phone\;C:\Program Files (x86)\GtkSharp\2.12\bin;C:\WINDOWS\system32;C:\WINDOWS;C:\WINDOWS\System32\Wbem;C:\WINDOWS\System32\WindowsPowerShell\v1.0\;C:\Program Files\Microsoft SQL Server\Client SDK\ODBC\110\Tools\Binn\;C:\Program Files (x86)\Microsoft SQL Server\120\Tools\Binn\ManagementStudio\;C:\Program Files (x86)\Microsoft SQL Server\120\Tools\Binn\;C:\Program Files (x86)\Microsoft SQL Server\120\DTS\Binn\;C:\Program Files\Microsoft SQL Server\120\DTS\Binn\;C:\Program Files\Java\jre1.8.0_73\bin;C:\Program Files\OpenVPN\bin;C:\Program Files\Microsoft Network Monitor 3\;C:\Program Files (x86)\NVIDIA Corporation\PhysX\Common;C:\Program Files (x86)\QuickTime\QTSystem\;C:\WINDOWS\system32;C:\WINDOWS;C:\WINDOWS\System32\Wbem;C:\WINDOWS\System32\WindowsPowerShell\v1.0\;C:\programs\HashiCorp Vagrant\bin;C:\Program Files (x86)\PuTTY\;C:\Programs\NVPACK\gradle-2.2.1\bin;C:\Programs\NVPACK\apache-ant-1.8.2\bin;C:\Programs\NVPACK\jdk1.7.0_71\bin;;%USERPROFILE%\AppData\Local\Microsoft\WindowsApps;;C:\Users\Caleb\Desktop;
USERNAME=Caleb
OS=Windows_NT
PROCESSOR_IDENTIFIER=AMD64 Family 21 Model 2 Stepping 0, AuthenticAMD



---------------  S Y S T E M  ---------------

OS: Windows 10.0 , 64 bit Build 14393 (10.0.14393.0)

CPU:total 8 (8 cores per cpu, 1 threads per core) family 21 model 2 stepping 0, cmov, cx8, fxsr, mmx, sse, sse2, sse3, ssse3, sse4.1, sse4.2, popcnt, avx, aes, clmul, mmxext, 3dnowpref, lzcnt, sse4a, tsc, tscinvbit, tscinv, bmi1

Memory: 4k page, physical 25076328k(18068416k free), swap 28746344k(14784128k free)

vm_info: Java HotSpot(TM) 64-Bit Server VM (25.101-b13) for windows-amd64 JRE (1.8.0_101-b13), built on Jun 22 2016 01:21:29 by "java_re" with MS VC++ 10.0 (VS2010)

time: Sat Sep 17 08:17:51 2016
elapsed time: 14 seconds (0d 0h 0m 14s)

